proguard_logs/seeds.txt
org.lmw.tools.kdserch.BaseActivity: BaseActivity()
org.lmw.tools.kdserch.Coms
org.lmw.tools.kdserch.Coms: Coms()
org.lmw.tools.kdserch.History
org.lmw.tools.kdserch.History: History()
org.lmw.tools.kdserch.Main
org.lmw.tools.kdserch.Main: Main()
org.lmw.tools.kdserch.Main: void onClick(android.view.View)
org.lmw.tools.kdserch.R$anim: int loading
org.lmw.tools.kdserch.R$anim: int push_down_in
org.lmw.tools.kdserch.R$anim: int push_down_out
org.lmw.tools.kdserch.R$anim: int push_no
org.lmw.tools.kdserch.R$anim: int push_up_in
org.lmw.tools.kdserch.R$anim: int push_up_out
org.lmw.tools.kdserch.R$array: int SB_COMPANY
org.lmw.tools.kdserch.R$array: int company_code
org.lmw.tools.kdserch.R$array: int company_logo
org.lmw.tools.kdserch.R$array: int company_name
org.lmw.tools.kdserch.R$attr: int mdActiveIndicator
org.lmw.tools.kdserch.R$attr: int mdAllowIndicatorAnimation
org.lmw.tools.kdserch.R$attr: int mdContentBackground
org.lmw.tools.kdserch.R$attr: int mdDropShadow
org.lmw.tools.kdserch.R$attr: int mdDropShadowColor
org.lmw.tools.kdserch.R$attr: int mdDropShadowEnabled
org.lmw.tools.kdserch.R$attr: int mdDropShadowSize
org.lmw.tools.kdserch.R$attr: int mdMaxAnimationDuration
org.lmw.tools.kdserch.R$attr: int mdMenuBackground
org.lmw.tools.kdserch.R$attr: int mdMenuSize
org.lmw.tools.kdserch.R$attr: int mdTouchBezelSize
org.lmw.tools.kdserch.R$attr: int menuDrawerStyle
org.lmw.tools.kdserch.R$color: int black
org.lmw.tools.kdserch.R$color: int blue
org.lmw.tools.kdserch.R$color: int btn_pass
org.lmw.tools.kdserch.R$color: int gray
org.lmw.tools.kdserch.R$color: int green
org.lmw.tools.kdserch.R$color: int holo_blue_bright
org.lmw.tools.kdserch.R$color: int holo_blue_dark
org.lmw.tools.kdserch.R$color: int holo_blue_light
org.lmw.tools.kdserch.R$color: int holo_green_dark
org.lmw.tools.kdserch.R$color: int holo_green_light
org.lmw.tools.kdserch.R$color: int holo_orange_dark
org.lmw.tools.kdserch.R$color: int holo_orange_light
org.lmw.tools.kdserch.R$color: int holo_purple
org.lmw.tools.kdserch.R$color: int holo_red_dark
org.lmw.tools.kdserch.R$color: int holo_red_light
org.lmw.tools.kdserch.R$color: int md__defaultBackground
org.lmw.tools.kdserch.R$color: int orange
org.lmw.tools.kdserch.R$color: int red
org.lmw.tools.kdserch.R$color: int transparent
org.lmw.tools.kdserch.R$color: int white
org.lmw.tools.kdserch.R$dimen: int activity_horizontal_margin
org.lmw.tools.kdserch.R$dimen: int activity_vertical_margin
org.lmw.tools.kdserch.R$drawable: int action_del
org.lmw.tools.kdserch.R$drawable: int debangwuliu
org.lmw.tools.kdserch.R$drawable: int def_selector
org.lmw.tools.kdserch.R$drawable: int down1
org.lmw.tools.kdserch.R$drawable: int down2
org.lmw.tools.kdserch.R$drawable: int down3
org.lmw.tools.kdserch.R$drawable: int ems
org.lmw.tools.kdserch.R$drawable: int fedex
org.lmw.tools.kdserch.R$drawable: int huaxialongwuliu
org.lmw.tools.kdserch.R$drawable: int huitongkuaidi
org.lmw.tools.kdserch.R$drawable: int icon_count
org.lmw.tools.kdserch.R$drawable: int icon_microphone
org.lmw.tools.kdserch.R$drawable: int icon_success
org.lmw.tools.kdserch.R$drawable: int item_btn_menu
org.lmw.tools.kdserch.R$drawable: int jiayiwuliu
org.lmw.tools.kdserch.R$drawable: int jinguangsudikuaijian
org.lmw.tools.kdserch.R$drawable: int kdlogo
org.lmw.tools.kdserch.R$drawable: int kuaijiesudi
org.lmw.tools.kdserch.R$drawable: int lianbangkuaidi
org.lmw.tools.kdserch.R$drawable: int list_blockbg
org.lmw.tools.kdserch.R$drawable: int listview_selector
org.lmw.tools.kdserch.R$drawable: int longbanwuliu
org.lmw.tools.kdserch.R$drawable: int mark
org.lmw.tools.kdserch.R$drawable: int menu_exit
org.lmw.tools.kdserch.R$drawable: int menu_fadeback
org.lmw.tools.kdserch.R$drawable: int menu_hi
org.lmw.tools.kdserch.R$drawable: int menu_history
org.lmw.tools.kdserch.R$drawable: int menu_transform
org.lmw.tools.kdserch.R$drawable: int menu_update
org.lmw.tools.kdserch.R$drawable: int red_line_blue
...
com.iflytek.cloud.c.a
com.iflytek.cloud.c.a: java.util.HashMap a
com.iflytek.cloud.c.a: a()
com.iflytek.cloud.c.a: a(java.lang.String,java.lang.String[][])
com.iflytek.cloud.c.a: void a()
com.iflytek.cloud.c.a: void a(java.lang.String)
com.iflytek.cloud.c.a: void b(java.lang.String)
com.iflytek.cloud.c.a: com.iflytek.cloud.c.a b()
com.iflytek.cloud.c.a: void a(java.lang.String,java.lang.String)
com.iflytek.cloud.c.a: void a(com.iflytek.cloud.c.a,java.lang.String)
com.iflytek.cloud.c.a: java.util.HashMap c()
com.iflytek.cloud.c.a: void a(java.lang.String,java.lang.String,boolean)
com.iflytek.cloud.c.a: java.lang.Boolean c(java.lang.String)
com.iflytek.cloud.c.a: java.lang.String toString()
com.iflytek.cloud.c.a: java.lang.String d(java.lang.String)
com.iflytek.cloud.c.a: java.lang.String b(java.lang.String,java.lang.String)
com.iflytek.cloud.c.a: int a(java.lang.String,int)
com.iflytek.cloud.c.a: boolean a(java.lang.String,boolean)
com.iflytek.cloud.c.a: void a(java.lang.String[][])
com.iflytek.cloud.c.a: void d()
com.iflytek.cloud.c.a: java.lang.Object clone()
com.iflytek.cloud.c.b
com.iflytek.cloud.c.b: java.lang.String[][] a
com.iflytek.cloud.c.b: void <clinit>()
com.iflytek.cloud.c.c
com.iflytek.cloud.c.c: java.lang.String a
com.iflytek.cloud.c.c: int b
com.iflytek.cloud.c.c: int c
com.iflytek.cloud.c.c: int d
com.iflytek.cloud.c.c: java.lang.String a(android.content.Context,com.iflytek.cloud.b.b.a)
com.iflytek.cloud.c.c: void b(com.iflytek.cloud.c.a)
com.iflytek.cloud.c.c: boolean a(com.iflytek.cloud.c.a)
com.iflytek.cloud.c.c: void a(android.content.Context,com.iflytek.cloud.c.a)
com.iflytek.cloud.c.c: java.lang.String a(android.content.Context,java.lang.String,com.iflytek.cloud.b.b.a)
com.iflytek.cloud.c.c: java.lang.String b(android.content.Context,com.iflytek.cloud.b.b.a)
com.iflytek.cloud.c.c: java.lang.String c(android.content.Context,com.iflytek.cloud.b.b.a)
com.iflytek.cloud.c.c: java.lang.String a(android.content.Context)
com.iflytek.cloud.c.c: java.lang.String a()
com.iflytek.cloud.c.c: java.lang.String b()
com.iflytek.cloud.c.c: boolean a(java.lang.String)
com.iflytek.cloud.c.c: java.lang.String a(int)
com.iflytek.cloud.c.c: void <clinit>()
com.iflytek.cloud.record.PcmPlayer
com.iflytek.cloud.record.PcmPlayer: android.media.AudioTrack b
com.iflytek.cloud.record.PcmPlayer: com.iflytek.cloud.record.a c
com.iflytek.cloud.record.PcmPlayer: android.content.Context d
com.iflytek.cloud.record.PcmPlayer: com.iflytek.cloud.record.PcmPlayer$b e
com.iflytek.cloud.record.PcmPlayer: com.iflytek.cloud.record.PcmPlayer$a f
com.iflytek.cloud.record.PcmPlayer: com.iflytek.cloud.record.PcmPlayer$PLAY_STATE g
com.iflytek.cloud.record.PcmPlayer: int h
com.iflytek.cloud.record.PcmPlayer: boolean i
com.iflytek.cloud.record.PcmPlayer: int j
com.iflytek.cloud.record.PcmPlayer: boolean k
com.iflytek.cloud.record.PcmPlayer: boolean l
com.iflytek.cloud.record.PcmPlayer: java.lang.Object m
com.iflytek.cloud.record.PcmPlayer: android.media.AudioManager$OnAudioFocusChangeListener a
com.iflytek.cloud.record.PcmPlayer: int n
com.iflytek.cloud.record.PcmPlayer: android.os.Handler o
com.iflytek.cloud.record.PcmPlayer: PcmPlayer(android.content.Context,int,boolean)
com.iflytek.cloud.record.PcmPlayer: com.iflytek.cloud.record.PcmPlayer$PLAY_STATE a()
com.iflytek.cloud.record.PcmPlayer: void a(com.iflytek.cloud.record.PcmPlayer$PLAY_STATE)
com.iflytek.cloud.record.PcmPlayer: void f()
com.iflytek.cloud.record.PcmPlayer: void b()
com.iflytek.cloud.record.PcmPlayer: void g()
com.iflytek.cloud.record.PcmPlayer: boolean c()
com.iflytek.cloud.record.PcmPlayer: boolean a(com.iflytek.cloud.record.a,com.iflytek.cloud.record.PcmPlayer$a)