proguard_logs/mapping.txt
org.lmw.tools.kdserch.BaseActivity -> org.lmw.tools.kdserch.a:
    android.widget.Toast mToast -> a
    org.lmw.tools.kdserch.tools.LoadingDialog dialog -> b
    java.lang.String[] companyLogos -> c
    java.lang.String[] companyCodes -> d
    java.lang.String[] companyNames -> e
    com.lidroid.xutils.DbUtils db -> f
    void onCreate(android.os.Bundle) -> onCreate
    void showToast(java.lang.String) -> a
    void showLoadingDialog(java.lang.String) -> b
    void dismissLoadingDialog() -> a
    void onDestroy() -> onDestroy
org.lmw.tools.kdserch.Coms -> org.lmw.tools.kdserch.Coms:
    android.widget.ListView lv -> g
    org.lmw.tools.kdserch.adapter.ComsAdapter adapter -> h
    void onCreate(android.os.Bundle) -> onCreate
    void initView() -> b
    void onItemClick(android.widget.AdapterView,android.view.View,int,long) -> onItemClick
org.lmw.tools.kdserch.History -> org.lmw.tools.kdserch.History:
    android.widget.TextView count -> g
    android.widget.ListView lv -> h
    org.lmw.tools.kdserch.adapter.HistoryListAdapter adapter -> i
    java.util.List rs -> j
    android.os.Handler hd -> k
    void onCreate(android.os.Bundle) -> onCreate
    void initView() -> b
    android.os.Handler getHandler() -> c
    void onItemClick(android.widget.AdapterView,android.view.View,int,long) -> onItemClick
    boolean onItemLongClick(android.widget.AdapterView,android.view.View,int,long) -> onItemLongClick
org.lmw.tools.kdserch.History$1 -> org.lmw.tools.kdserch.b:
    org.lmw.tools.kdserch.History this$0 -> a
    void handleMessage(android.os.Message) -> handleMessage
org.lmw.tools.kdserch.Main -> org.lmw.tools.kdserch.Main:
    boolean isBack -> h
    long downTime -> i
    android.widget.Button currCom -> j
    android.widget.Button serach -> k
    android.widget.ImageButton speech -> l
    net.simonvt.menudrawer.MenuDrawer mMenuDrawer -> m
    int coms_req -> n
    java.lang.String comName -> o
    java.lang.String comId -> p
    android.widget.EditText expressId -> q
    android.widget.Button toHistory -> r
    android.os.Handler hd -> s
    com.iflytek.cloud.ui.RecognizerDialog iatDialog -> t
    com.iflytek.cloud.speech.SpeechRecognizer iatRecognizer -> u
    com.iflytek.cloud.speech.SpeechListener listener -> v
    com.iflytek.cloud.ui.RecognizerDialogListener recognizerDialogListener -> g
    void onCreate(android.os.Bundle) -> onCreate
    void initView() -> b
    void initMenu() -> e
    android.os.Handler getHandler() -> f
    void onClick(android.view.View) -> onClick
    boolean onKeyDown(int,android.view.KeyEvent) -> onKeyDown
    void initSpeech() -> c
    void showIatDialog() -> d
    void onActivityResult(int,int,android.content.Intent) -> onActivityResult
    void onStop() -> onStop
    android.widget.EditText access$000(org.lmw.tools.kdserch.Main) -> a
    java.lang.String access$100(org.lmw.tools.kdserch.Main) -> b
    java.lang.String access$200(org.lmw.tools.kdserch.Main) -> c
org.lmw.tools.kdserch.Main$1 -> org.lmw.tools.kdserch.c:
    org.lmw.tools.kdserch.Main this$0 -> a
    void handleMessage(android.os.Message) -> handleMessage
org.lmw.tools.kdserch.Main$2 -> org.lmw.tools.kdserch.d:
    org.lmw.tools.kdserch.Main this$0 -> a
    void onData(byte[]) -> onData
    void onCompleted(com.iflytek.cloud.speech.SpeechError) -> onCompleted
    void onEvent(int,android.os.Bundle) -> onEvent
org.lmw.tools.kdserch.Main$3 -> org.lmw.tools.kdserch.e:
    org.lmw.tools.kdserch.Main this$0 -> a
    void onResult(com.iflytek.cloud.speech.RecognizerResult,boolean) -> onResult
    void onError(com.iflytek.cloud.speech.SpeechError) -> onError
org.lmw.tools.kdserch.Result -> org.lmw.tools.kdserch.Result:
    android.widget.ListView lv -> g
    org.lmw.tools.kdserch.adapter.ResultFollowAdapter adapter -> h
    java.util.List rs -> i
    boolean sort_up -> j
    int state -> k
    void onCreate(android.os.Bundle) -> onCreate
    void initView() -> b
    void parse(java.lang.String) -> c
    void onBackPressed() -> onBackPressed
...
com.iflytek.cloud.speech.SpeechUnderstander -> com.iflytek.cloud.speech.SpeechUnderstander:
    com.iflytek.cloud.speech.SpeechUnderstander a -> a
    com.iflytek.cloud.speech.a.a b -> b
    com.iflytek.cloud.speech.SpeechUnderstander createUnderstander(android.content.Context) -> createUnderstander
    com.iflytek.cloud.speech.SpeechUnderstander getUnderstander() -> getUnderstander
    void startUnderstanding(com.iflytek.cloud.speech.SpeechUnderstanderListener) -> startUnderstanding
    boolean isUnderstanding() -> isUnderstanding
    boolean writeAudio(byte[],int,int) -> writeAudio
    void stopUnderstanding() -> stopUnderstanding
    void cancel() -> cancel
    boolean setParameter(java.lang.String,java.lang.String) -> setParameter
    java.lang.String getParameter(java.lang.String) -> getParameter
    boolean destroy() -> destroy
com.iflytek.cloud.speech.SpeechUnderstander$a -> com.iflytek.cloud.speech.SpeechUnderstander$a:
    com.iflytek.cloud.speech.SpeechUnderstanderListener b -> b
    com.iflytek.cloud.speech.SpeechUnderstander a -> a
    void onEndOfSpeech() -> onEndOfSpeech
    void onVolumeChanged(int) -> onVolumeChanged
    void onBeginOfSpeech() -> onBeginOfSpeech
    void onError(com.iflytek.cloud.speech.SpeechError) -> onError
    void onEvent(int,int,int,java.lang.String) -> onEvent
    void onResult(com.iflytek.cloud.speech.RecognizerResult,boolean) -> onResult
com.iflytek.cloud.speech.SpeechUnderstanderListener -> com.iflytek.cloud.speech.SpeechUnderstanderListener:
    void onVolumeChanged(int) -> onVolumeChanged
    void onBeginOfSpeech() -> onBeginOfSpeech
    void onEndOfSpeech() -> onEndOfSpeech
    void onResult(com.iflytek.cloud.speech.UnderstanderResult) -> onResult
    void onError(com.iflytek.cloud.speech.SpeechError) -> onError
    void onEvent(int,int,int,java.lang.String) -> onEvent
com.iflytek.cloud.speech.SpeechUser -> com.iflytek.cloud.speech.SpeechUser:
    com.iflytek.cloud.speech.SpeechUser e -> e
    java.lang.String f -> f
    java.lang.String g -> g
    com.iflytek.cloud.c.a h -> h
    com.iflytek.cloud.speech.SpeechUser$Login_State i -> i
    com.iflytek.cloud.speech.SpeechUser getUser() -> getUser
    com.iflytek.cloud.c.a getInitParam() -> getInitParam
    void a(java.lang.String) -> a
    com.iflytek.cloud.speech.SpeechUser$Login_State getLoginState() -> getLoginState
    boolean login(android.content.Context,java.lang.String,java.lang.String,java.lang.String,com.iflytek.cloud.speech.SpeechListener) -> login
    boolean logout() -> logout
    boolean d() -> d
    com.iflytek.cloud.speech.SpeechUser$Login_State a(com.iflytek.cloud.speech.SpeechUser,com.iflytek.cloud.speech.SpeechUser$Login_State) -> a
com.iflytek.cloud.speech.SpeechUser$Login_State -> com.iflytek.cloud.speech.SpeechUser$Login_State:
    com.iflytek.cloud.speech.SpeechUser$Login_State Logined -> Logined
    com.iflytek.cloud.speech.SpeechUser$Login_State Unlogin -> Unlogin
    com.iflytek.cloud.speech.SpeechUser$Login_State[] a -> a
    com.iflytek.cloud.speech.SpeechUser$Login_State[] values() -> values
    com.iflytek.cloud.speech.SpeechUser$Login_State valueOf(java.lang.String) -> valueOf
com.iflytek.cloud.speech.SpeechUser$a -> com.iflytek.cloud.speech.SpeechUser$a:
    com.iflytek.cloud.speech.SpeechUser b -> b
    void onCompleted(com.iflytek.cloud.speech.SpeechError) -> onCompleted
com.iflytek.cloud.speech.SynthesizeToUriListener -> com.iflytek.cloud.speech.SynthesizeToUriListener:
    void onBufferProgress(int) -> onBufferProgress
    void onSynthesizeCompleted(java.lang.String,com.iflytek.cloud.speech.SpeechError) -> onSynthesizeCompleted