proguard_logs/usage.txt
org.lmw.tools.kdserch.BuildConfig
org.lmw.tools.kdserch.Main:
    private static final java.lang.String APPID
org.lmw.tools.kdserch.R
org.lmw.tools.kdserch.R$anim
org.lmw.tools.kdserch.R$array
org.lmw.tools.kdserch.R$attr
org.lmw.tools.kdserch.R$color
org.lmw.tools.kdserch.R$dimen
org.lmw.tools.kdserch.R$drawable
org.lmw.tools.kdserch.R$id
org.lmw.tools.kdserch.R$layout
org.lmw.tools.kdserch.R$menu
org.lmw.tools.kdserch.R$string
org.lmw.tools.kdserch.R$style
org.lmw.tools.kdserch.R$styleable
org.lmw.tools.kdserch.Result:
    public static final int STATE_RECEIVED
    public static final int STATE_ON_PASSAGE
org.lmw.tools.kdserch.adapter.HistoryListAdapter:
    52:53:public void setDataList(java.util.List)
org.lmw.tools.kdserch.adapter.ResultFollowAdapter:
    46:47:public void setFollowList(java.util.ArrayList)
    49:50:public void setSort_up(boolean)
org.lmw.tools.kdserch.conn.ConnHelper:
    public static final java.lang.String EXPRESS_API_HOST
    12:12:public ConnHelper()
org.lmw.tools.kdserch.entity.Historical
org.lmw.tools.kdserch.entity.ResultEntity:
    11:12:public void setTime(java.lang.String)
    17:18:public void setContext(java.lang.String)
org.lmw.tools.kdserch.entity.Tab_History:
    private int id
    13:13:public int getId()
    16:17:public void setId(int)
org.lmw.tools.kdserch.tools.AppManager:
    50:51:public android.app.Activity currentActivity()
    58:60:public void finishActivity()
    77:82:public void finishActivity(java.lang.Class)
    115:124:public static boolean checkApp(android.content.Context,java.lang.String,int)
    130:143:public static java.lang.String getMainClass(android.content.Context,java.lang.String)
org.lmw.tools.kdserch.tools.JsonParser:
    16:16:public JsonParser()
    57:82:public static java.lang.String parseGrammarResult(java.lang.String)
    91:105:public static java.lang.String parseUnderstandResult(java.lang.String)
org.lmw.tools.kdserch.tools.LoadingDialog:
    21:23:public LoadingDialog(android.content.Context)
    32:35:public LoadingDialog(android.content.Context,int,java.lang.String)
    46:48:public void setText(java.lang.String)
    51:52:public void setText(int)
...
android.support.v4.widget.SearchViewCompatHoneycomb$OnCloseListenerCompatBridge
android.support.v4.widget.SearchViewCompatHoneycomb$OnQueryTextListenerCompatBridge
android.support.v4.widget.SearchViewCompatIcs
android.support.v4.widget.SearchViewCompatIcs$MySearchView
android.support.v4.widget.SimpleCursorAdapter
android.support.v4.widget.SimpleCursorAdapter$CursorToStringConverter
android.support.v4.widget.SimpleCursorAdapter$ViewBinder
android.support.v4.widget.SlidingPaneLayout:
    private static final java.lang.String TAG
    private static final int DEFAULT_OVERHANG_SIZE
    private static final int DEFAULT_FADE_COLOR
    private static final int MIN_FLING_VELOCITY
    244:245:public SlidingPaneLayout(android.content.Context)
    248:249:public SlidingPaneLayout(android.content.Context,android.util.AttributeSet)
    252:267:public SlidingPaneLayout(android.content.Context,android.util.AttributeSet,int)
    328:331:void dispatchOnPanelSlide(android.view.View)
    334:338:void dispatchOnPanelOpened(android.view.View)
    341:345:void dispatchOnPanelClosed(android.view.View)
    848:849:public void smoothSlideOpen()
    866:867:public void smoothSlideClosed()
    895:895:public boolean canSlide()
    909:922:private void onPanelDragged(int)
    1103:1122:protected boolean canScroll(android.view.View,boolean,int,int,int)
    88:88:static synthetic boolean access$100(android.support.v4.widget.SlidingPaneLayout)
    88:88:static synthetic android.support.v4.widget.ViewDragHelper access$200(android.support.v4.widget.SlidingPaneLayout)
    88:88:static synthetic float access$300(android.support.v4.widget.SlidingPaneLayout)
    88:88:static synthetic android.view.View access$400(android.support.v4.widget.SlidingPaneLayout)
    88:88:static synthetic boolean access$502(android.support.v4.widget.SlidingPaneLayout,boolean)
    88:88:static synthetic void access$600(android.support.v4.widget.SlidingPaneLayout,int)
android.support.v4.widget.SlidingPaneLayout$AccessibilityDelegate
android.support.v4.widget.SlidingPaneLayout$DragHelperCallback
android.support.v4.widget.SlidingPaneLayout$LayoutParams:
    1277:1278:public SlidingPaneLayout$LayoutParams(int,int)
    1289:1291:public SlidingPaneLayout$LayoutParams(android.support.v4.widget.SlidingPaneLayout$LayoutParams)
android.support.v4.widget.SlidingPaneLayout$PanelSlideListener:
    public abstract void onPanelSlide(android.view.View,float)
    public abstract void onPanelOpened(android.view.View)
    public abstract void onPanelClosed(android.view.View)
android.support.v4.widget.SlidingPaneLayout$SimplePanelSlideListener